1506696978291	geckodriver	INFO	geckodriver 0.18.0
1506696978307	geckodriver	INFO	Listening on 127.0.0.1:56951
1506696979601	geckodriver::marionette	INFO	Starting browser /usr/bin/firefox with args ["-marionette"]
1506696983125	Marionette	INFO	Enabled via --marionette
1506696985908	Marionette	INFO	Listening on port 38881
JavaScript error: chrome://marionette/content/server.js, line 337: NS_ERROR_SOCKET_ADDRESS_IN_USE: Component returned failure code: 0x804b0036 (NS_ERROR_SOCKET_ADDRESS_IN_USE) [nsIServerSocket.initSpecialConnection]
1506696985971	Marionette	WARN	TLS certificate errors will be ignored for this session
1506696986060	Marionette	DEBUG	loaded listener.js
1506696986239	Marionette	DEBUG	Received DOM event "beforeunload" for "about:blank"
1506696996547	Marionette	DEBUG	Received DOM event "pagehide" for "about:blank"
1506696996547	Marionette	DEBUG	Received DOM event "unload" for "about:blank"
1506696997806	Marionette	DEBUG	Received DOM event "DOMContentLoaded" for "https://www.facebook.com/"
1506696999959	Marionette	DEBUG	Received DOM event "DOMContentLoaded" for "https://staticxx.facebook.com/common/referer_frame.php"
1506696999973	Marionette	DEBUG	Received DOM event "pageshow" for "https://staticxx.facebook.com/common/referer_frame.php"
1506697000014	Marionette	DEBUG	Received DOM event "pageshow" for "https://www.facebook.com/"
JavaScript error: resource://gre/modules/XPCOMUtils.jsm, line 230: TypeError: Cc[aContract] is undefined
1506697130734	geckodriver	INFO	geckodriver 0.18.0
1506697130739	geckodriver	INFO	Listening on 127.0.0.1:55407
1506697131989	geckodriver::marionette	INFO	Starting browser /usr/bin/firefox with args ["-marionette"]
1506697133042	Marionette	INFO	Enabled via --marionette
JavaScript error: resource://gre/modules/XPCOMUtils.jsm, line 230: TypeError: Cc[aContract] is undefined
JavaScript error: , line 0: TypeError: NetworkError when attempting to fetch resource.
1506697136224	addons.productaddons	WARN	Failed downloading XML, status: 0, reason: error
1506697136364	Marionette	INFO	Listening on port 38629
JavaScript error: chrome://marionette/content/server.js, line 337: NS_ERROR_SOCKET_ADDRESS_IN_USE: Component returned failure code: 0x804b0036 (NS_ERROR_SOCKET_ADDRESS_IN_USE) [nsIServerSocket.initSpecialConnection]
1506697136452	Marionette	WARN	TLS certificate errors will be ignored for this session
1506697136555	Marionette	DEBUG	loaded listener.js
1506697136605	Marionette	DEBUG	loaded listener.js
1506697136639	Marionette	DEBUG	Received DOM event "beforeunload" for "http://192.168.1.1/html/relocation/netdiagnose.asp"
1506697136706	Marionette	DEBUG	Received DOM event "pagehide" for "http://192.168.1.1/html/relocation/netdiagnose.asp"
1506697136707	Marionette	DEBUG	Received DOM event "unload" for "http://192.168.1.1/html/relocation/netdiagnose.asp"
1506697136724	Marionette	DEBUG	Received DOM event "pageshow" for "http://facebook.com/"
JavaScript error: chrome://browser/content/browser-captivePortal.js, line 260: TypeError: tab.linkedBrowser.currentURI is undefined
1506697193793	geckodriver	INFO	geckodriver 0.18.0
1506697193797	geckodriver	INFO	Listening on 127.0.0.1:41661
1506697194079	geckodriver::marionette	INFO	Starting browser /usr/bin/firefox with args ["-marionette"]
1506697195175	Marionette	INFO	Enabled via --marionette
1506697197274	Marionette	INFO	Listening on port 44877
1506697197325	Marionette	WARN	TLS certificate errors will be ignored for this session
JavaScript error: chrome://marionette/content/server.js, line 337: NS_ERROR_SOCKET_ADDRESS_IN_USE: Component returned failure code: 0x804b0036 (NS_ERROR_SOCKET_ADDRESS_IN_USE) [nsIServerSocket.initSpecialConnection]
1506697197446	Marionette	DEBUG	loaded listener.js
1506697197623	Marionette	DEBUG	Received DOM event "beforeunload" for "about:blank"
1506697217138	addons.productaddons	WARN	Failed downloading XML, status: 0, reason: timeout
1506697230489	Marionette	DEBUG	Received DOM event "beforeunload" for "about:blank"
1506697230493	Marionette	DEBUG	Received DOM event "pagehide" for "about:blank"
1506697230494	Marionette	DEBUG	Received DOM event "unload" for "about:blank"
1506697230555	Marionette	DEBUG	Received DOM event "DOMContentLoaded" for "about:neterror?e=dnsNotFound&u=http%3A//facebook.com/&c=UTF-8&f=regular&d=Firefox%20can%E2%80%99t%20find%20the%20server%20at%20facebook.com."
JavaScript error: , line 0: TypeError: NetworkError when attempting to fetch resource.
1506697266384	geckodriver	INFO	geckodriver 0.18.0
1506697266390	geckodriver	INFO	Listening on 127.0.0.1:34759
1506697267635	geckodriver::marionette	INFO	Starting browser /usr/bin/firefox with args ["-marionette"]
1506697268677	Marionette	INFO	Enabled via --marionette
1506697270815	Marionette	INFO	Listening on port 44883
JavaScript error: chrome://marionette/content/server.js, line 337: NS_ERROR_SOCKET_ADDRESS_IN_USE: Component returned failure code: 0x804b0036 (NS_ERROR_SOCKET_ADDRESS_IN_USE) [nsIServerSocket.initSpecialConnection]
1506697271003	Marionette	WARN	TLS certificate errors will be ignored for this session
1506697271071	Marionette	DEBUG	loaded listener.js
1506697271120	Marionette	DEBUG	Received DOM event "beforeunload" for "about:blank"
1506697290660	addons.productaddons	WARN	Failed downloading XML, status: 0, reason: timeout
1506697295828	Marionette	DEBUG	Received DOM event "beforeunload" for "about:blank"
1506697295830	Marionette	DEBUG	Received DOM event "pagehide" for "about:blank"
1506697295830	Marionette	DEBUG	Received DOM event "unload" for "about:blank"
1506697295870	Marionette	DEBUG	Received DOM event "DOMContentLoaded" for "about:neterror?e=dnsNotFound&u=http%3A//facebook.com/&c=UTF-8&f=regular&d=Firefox%20can%E2%80%99t%20find%20the%20server%20at%20facebook.com."
JavaScript error: , line 0: TypeError: NetworkError when attempting to fetch resource.
1506697394866	geckodriver	INFO	geckodriver 0.18.0
1506697394872	geckodriver	INFO	Listening on 127.0.0.1:47547
1506697396108	geckodriver::marionette	INFO	Starting browser /usr/bin/firefox with args ["-marionette"]
1506697397201	Marionette	INFO	Enabled via --marionette
1506697399697	Marionette	INFO	Listening on port 43745
JavaScript error: chrome://marionette/content/server.js, line 337: NS_ERROR_SOCKET_ADDRESS_IN_USE: Component returned failure code: 0x804b0036 (NS_ERROR_SOCKET_ADDRESS_IN_USE) [nsIServerSocket.initSpecialConnection]
1506697399752	Marionette	WARN	TLS certificate errors will be ignored for this session
1506697399840	Marionette	DEBUG	loaded listener.js
1506697399891	Marionette	DEBUG	Received DOM event "beforeunload" for "about:blank"
1506697400811	Marionette	DEBUG	Received DOM event "pagehide" for "about:blank"
1506697400811	Marionette	DEBUG	Received DOM event "unload" for "about:blank"
1506697401604	Marionette	DEBUG	Received DOM event "DOMContentLoaded" for "https://www.facebook.com/"
1506697402796	Marionette	DEBUG	Received DOM event "DOMContentLoaded" for "https://staticxx.facebook.com/common/referer_frame.php"
1506697402805	Marionette	DEBUG	Received DOM event "pageshow" for "https://staticxx.facebook.com/common/referer_frame.php"
1506697402837	Marionette	DEBUG	Received DOM event "pageshow" for "https://www.facebook.com/"
JavaScript error: https://www.facebook.com/rsrc.php/v3/yb/r/UDhjOl8dwlX.js, line 130: Error: Destroyed!
JavaScript error: resource://gre/modules/XPCOMUtils.jsm, line 230: TypeError: Cc[aContract] is undefined
Handler function NetworkEventActorProxy.addSecurityInfo threw an exception: [Exception... "Component returned failure code: 0xc1f30001 (NS_ERROR_NOT_INITIALIZED) [nsIMessageSender.sendAsyncMessage]"  nsresult: "0xc1f30001 (NS_ERROR_NOT_INITIALIZED)"  location: "JS frame :: resource://gre/modules/commonjs/toolkit/loader.js -> resource://devtools/shared/webconsole/network-monitor.js :: NetworkEventActorProxy.methodFactory/< :: line 1656"  data: no]
Stack: NetworkEventActorProxy.methodFactory/<@resource://gre/modules/commonjs/toolkit/loader.js -> resource://devtools/shared/webconsole/network-monitor.js:1656:5
exports.makeInfallible/<@resource://gre/modules/commonjs/toolkit/loader.js -> resource://devtools/shared/ThreadSafeDevToolsUtils.js:101:14
NetworkResponseListener.prototype._getSecurityInfo<@resource://gre/modules/commonjs/toolkit/loader.js -> resource://devtools/shared/webconsole/network-monitor.js:495:5
exports.makeInfallible/<@resource://gre/modules/commonjs/toolkit/loader.js -> resource://devtools/shared/ThreadSafeDevToolsUtils.js:101:14
onStartRequest@resource://gre/modules/commonjs/toolkit/loader.js -> resource://devtools/shared/webconsole/network-monitor.js:436:5
Line: 1656, column: 0
console.error: 
  Handler function NetworkEventActorProxy.addSecurityInfo threw an exception: [Exception... "Component returned failure code: 0xc1f30001 (NS_ERROR_NOT_INITIALIZED) [nsIMessageSender.sendAsyncMessage]"  nsresult: "0xc1f30001 (NS_ERROR_NOT_INITIALIZED)"  location: "JS frame :: resource://gre/modules/commonjs/toolkit/loader.js -> resource://devtools/shared/webconsole/network-monitor.js :: NetworkEventActorProxy.methodFactory/< :: line 1656"  data: no]
Stack: NetworkEventActorProxy.methodFactory/<@resource://gre/modules/commonjs/toolkit/loader.js -> resource://devtools/shared/webconsole/network-monitor.js:1656:5
exports.makeInfallible/<@resource://gre/modules/commonjs/toolkit/loader.js -> resource://devtools/shared/ThreadSafeDevToolsUtils.js:101:14
NetworkResponseListener.prototype._getSecurityInfo<@resource://gre/modules/commonjs/toolkit/loader.js -> resource://devtools/shared/webconsole/network-monitor.js:495:5
exports.makeInfallible/<@resource://gre/modules/commonjs/toolkit/loader.js -> resource://devtools/shared/ThreadSafeDevToolsUtils.js:101:14
onStartRequest@resource://gre/modules/commonjs/toolkit/loader.js -> resource://devtools/shared/webconsole/network-monitor.js:436:5
Line: 1656, column: 0
Handler function NetworkEventActorProxy.addSecurityInfo threw an exception: [Exception... "Component returned failure code: 0xc1f30001 (NS_ERROR_NOT_INITIALIZED) [nsIMessageSender.sendAsyncMessage]"  nsresult: "0xc1f30001 (NS_ERROR_NOT_INITIALIZED)"  location: "JS frame :: resource://gre/modules/commonjs/toolkit/loader.js -> resource://devtools/shared/webconsole/network-monitor.js :: NetworkEventActorProxy.methodFactory/< :: line 1656"  data: no]
Stack: NetworkEventActorProxy.methodFactory/<@resource://gre/modules/commonjs/toolkit/loader.js -> resource://devtools/shared/webconsole/network-monitor.js:1656:5
exports.makeInfallible/<@resource://gre/modules/commonjs/toolkit/loader.js -> resource://devtools/shared/ThreadSafeDevToolsUtils.js:101:14
NetworkResponseListener.prototype._getSecurityInfo<@resource://gre/modules/commonjs/toolkit/loader.js -> resource://devtools/shared/webconsole/network-monitor.js:495:5
exports.makeInfallible/<@resource://gre/modules/commonjs/toolkit/loader.js -> resource://devtools/shared/ThreadSafeDevToolsUtils.js:101:14
onStartRequest@resource://gre/modules/commonjs/toolkit/loader.js -> resource://devtools/shared/webconsole/network-monitor.js:436:5
Line: 1656, column: 0
console.error: 
  Handler function NetworkEventActorProxy.addSecurityInfo threw an exception: [Exception... "Component returned failure code: 0xc1f30001 (NS_ERROR_NOT_INITIALIZED) [nsIMessageSender.sendAsyncMessage]"  nsresult: "0xc1f30001 (NS_ERROR_NOT_INITIALIZED)"  location: "JS frame :: resource://gre/modules/commonjs/toolkit/loader.js -> resource://devtools/shared/webconsole/network-monitor.js :: NetworkEventActorProxy.methodFactory/< :: line 1656"  data: no]
Stack: NetworkEventActorProxy.methodFactory/<@resource://gre/modules/commonjs/toolkit/loader.js -> resource://devtools/shared/webconsole/network-monitor.js:1656:5
exports.makeInfallible/<@resource://gre/modules/commonjs/toolkit/loader.js -> resource://devtools/shared/ThreadSafeDevToolsUtils.js:101:14
NetworkResponseListener.prototype._getSecurityInfo<@resource://gre/modules/commonjs/toolkit/loader.js -> resource://devtools/shared/webconsole/network-monitor.js:495:5
exports.makeInfallible/<@resource://gre/modules/commonjs/toolkit/loader.js -> resource://devtools/shared/ThreadSafeDevToolsUtils.js:101:14
onStartRequest@resource://gre/modules/commonjs/toolkit/loader.js -> resource://devtools/shared/webconsole/network-monitor.js:436:5
Line: 1656, column: 0
Handler function NetworkEventActorProxy.addResponseContent threw an exception: [Exception... "Component returned failure code: 0xc1f30001 (NS_ERROR_NOT_INITIALIZED) [nsIMessageSender.sendAsyncMessage]"  nsresult: "0xc1f30001 (NS_ERROR_NOT_INITIALIZED)"  location: "JS frame :: resource://gre/modules/commonjs/toolkit/loader.js -> resource://devtools/shared/webconsole/network-monitor.js :: NetworkEventActorProxy.methodFactory/< :: line 1656"  data: no]
Stack: NetworkEventActorProxy.methodFactory/<@resource://gre/modules/commonjs/toolkit/loader.js -> resource://devtools/shared/webconsole/network-monitor.js:1656:5
exports.makeInfallible/<@resource://gre/modules/commonjs/toolkit/loader.js -> resource://devtools/shared/ThreadSafeDevToolsUtils.js:101:14
_onComplete@resource://gre/modules/commonjs/toolkit/loader.js -> resource://devtools/shared/webconsole/network-monitor.js:620:5
onStreamClose@resource://gre/modules/commonjs/toolkit/loader.js -> resource://devtools/shared/webconsole/network-monitor.js:577:7
onInputStreamReady@resource://gre/modules/commonjs/toolkit/loader.js -> resource://devtools/shared/webconsole/network-monitor.js:668:7
Line: 1656, column: 0
console.error: 
  Handler function NetworkEventActorProxy.addResponseContent threw an exception: [Exception... "Component returned failure code: 0xc1f30001 (NS_ERROR_NOT_INITIALIZED) [nsIMessageSender.sendAsyncMessage]"  nsresult: "0xc1f30001 (NS_ERROR_NOT_INITIALIZED)"  location: "JS frame :: resource://gre/modules/commonjs/toolkit/loader.js -> resource://devtools/shared/webconsole/network-monitor.js :: NetworkEventActorProxy.methodFactory/< :: line 1656"  data: no]
Stack: NetworkEventActorProxy.methodFactory/<@resource://gre/modules/commonjs/toolkit/loader.js -> resource://devtools/shared/webconsole/network-monitor.js:1656:5
exports.makeInfallible/<@resource://gre/modules/commonjs/toolkit/loader.js -> resource://devtools/shared/ThreadSafeDevToolsUtils.js:101:14
_onComplete@resource://gre/modules/commonjs/toolkit/loader.js -> resource://devtools/shared/webconsole/network-monitor.js:620:5
onStreamClose@resource://gre/modules/commonjs/toolkit/loader.js -> resource://devtools/shared/webconsole/network-monitor.js:577:7
onInputStreamReady@resource://gre/modules/commonjs/toolkit/loader.js -> resource://devtools/shared/webconsole/network-monitor.js:668:7
Line: 1656, column: 0
Handler function NetworkEventActorProxy.addResponseContent threw an exception: [Exception... "Component returned failure code: 0xc1f30001 (NS_ERROR_NOT_INITIALIZED) [nsIMessageSender.sendAsyncMessage]"  nsresult: "0xc1f30001 (NS_ERROR_NOT_INITIALIZED)"  location: "JS frame :: resource://gre/modules/commonjs/toolkit/loader.js -> resource://devtools/shared/webconsole/network-monitor.js :: NetworkEventActorProxy.methodFactory/< :: line 1656"  data: no]
Stack: NetworkEventActorProxy.methodFactory/<@resource://gre/modules/commonjs/toolkit/loader.js -> resource://devtools/shared/webconsole/network-monitor.js:1656:5
exports.makeInfallible/<@resource://gre/modules/commonjs/toolkit/loader.js -> resource://devtools/shared/ThreadSafeDevToolsUtils.js:101:14
_onComplete@resource://gre/modules/commonjs/toolkit/loader.js -> resource://devtools/shared/webconsole/network-monitor.js:620:5
onStreamClose@resource://gre/modules/commonjs/toolkit/loader.js -> resource://devtools/shared/webconsole/network-monitor.js:577:7
onInputStreamReady@resource://gre/modules/commonjs/toolkit/loader.js -> resource://devtools/shared/webconsole/network-monitor.js:668:7
Line: 1656, column: 0
console.error: 
  Handler function NetworkEventActorProxy.addResponseContent threw an exception: [Exception... "Component returned failure code: 0xc1f30001 (NS_ERROR_NOT_INITIALIZED) [nsIMessageSender.sendAsyncMessage]"  nsresult: "0xc1f30001 (NS_ERROR_NOT_INITIALIZED)"  location: "JS frame :: resource://gre/modules/commonjs/toolkit/loader.js -> resource://devtools/shared/webconsole/network-monitor.js :: NetworkEventActorProxy.methodFactory/< :: line 1656"  data: no]
Stack: NetworkEventActorProxy.methodFactory/<@resource://gre/modules/commonjs/toolkit/loader.js -> resource://devtools/shared/webconsole/network-monitor.js:1656:5
exports.makeInfallible/<@resource://gre/modules/commonjs/toolkit/loader.js -> resource://devtools/shared/ThreadSafeDevToolsUtils.js:101:14
_onComplete@resource://gre/modules/commonjs/toolkit/loader.js -> resource://devtools/shared/webconsole/network-monitor.js:620:5
onStreamClose@resource://gre/modules/commonjs/toolkit/loader.js -> resource://devtools/shared/webconsole/network-monitor.js:577:7
onInputStreamReady@resource://gre/modules/commonjs/toolkit/loader.js -> resource://devtools/shared/webconsole/network-monitor.js:668:7
Line: 1656, column: 0
1506697600684	geckodriver	INFO	geckodriver 0.18.0
1506697600690	geckodriver	INFO	Listening on 127.0.0.1:35499
1506697601936	geckodriver::marionette	INFO	Starting browser /usr/bin/firefox with args ["-marionette"]
1506697602889	Marionette	INFO	Enabled via --marionette
JavaScript error: resource://gre/modules/XPCOMUtils.jsm, line 230: TypeError: Cc[aContract] is undefined
JavaScript error: , line 0: TypeError: NetworkError when attempting to fetch resource.
1506697605864	Marionette	INFO	Listening on port 38351
1506697605892	addons.productaddons	WARN	Failed downloading XML, status: 0, reason: error
JavaScript error: chrome://marionette/content/server.js, line 337: NS_ERROR_SOCKET_ADDRESS_IN_USE: Component returned failure code: 0x804b0036 (NS_ERROR_SOCKET_ADDRESS_IN_USE) [nsIServerSocket.initSpecialConnection]
1506697605981	Marionette	WARN	TLS certificate errors will be ignored for this session
1506697606064	Marionette	DEBUG	loaded listener.js
1506697606091	Marionette	DEBUG	loaded listener.js
1506697606135	Marionette	DEBUG	Received DOM event "beforeunload" for "http://192.168.1.1/html/relocation/netdiagnose.asp"
1506697606174	Marionette	DEBUG	Received DOM event "pagehide" for "http://192.168.1.1/html/relocation/netdiagnose.asp"
1506697606175	Marionette	DEBUG	Received DOM event "unload" for "http://192.168.1.1/html/relocation/netdiagnose.asp"
1506697606193	Marionette	DEBUG	Received DOM event "pageshow" for "http://facebook.com/"
JavaScript error: chrome://browser/content/browser-captivePortal.js, line 260: TypeError: tab.linkedBrowser.currentURI is undefined
1506697648065	geckodriver	INFO	geckodriver 0.18.0
1506697648071	geckodriver	INFO	Listening on 127.0.0.1:58357
1506697649335	geckodriver::marionette	INFO	Starting browser /usr/bin/firefox with args ["-marionette"]
1506697739828	geckodriver	INFO	geckodriver 0.18.0
1506697739834	geckodriver	INFO	Listening on 127.0.0.1:53277
1506697741044	geckodriver::marionette	INFO	Starting browser /usr/bin/firefox with args ["-marionette"]
1506697750604	Marionette	INFO	Enabled via --marionette
1506697752393	Marionette	INFO	Listening on port 34767
1506697752426	Marionette	WARN	TLS certificate errors will be ignored for this session
JavaScript error: chrome://marionette/content/server.js, line 337: NS_ERROR_SOCKET_ADDRESS_IN_USE: Component returned failure code: 0x804b0036 (NS_ERROR_SOCKET_ADDRESS_IN_USE) [nsIServerSocket.initSpecialConnection]
1506697752550	Marionette	DEBUG	loaded listener.js
1506697752682	Marionette	DEBUG	Received DOM event "beforeunload" for "about:blank"
JavaScript error: resource://gre/modules/XPCOMUtils.jsm, line 230: TypeError: Cc[aContract] is undefined
1506697762406	Marionette	DEBUG	Received DOM event "beforeunload" for "about:blank"
1506697762445	Marionette	DEBUG	Received DOM event "pagehide" for "about:blank"
1506697762445	Marionette	DEBUG	Received DOM event "unload" for "about:blank"
1506697762447	Marionette	DEBUG	Received observer notification "outer-window-destroyed" for "2147483649"
1506697762577	addons.productaddons	ERROR	Request failed certificate checks: [Exception... "Certificate checks failed. See previous errors for details."  nsresult: "0x80070057 (NS_ERROR_ILLEGAL_VALUE)"  location: "JS frame :: resource://gre/modules/CertUtils.jsm :: validateCert :: line 113"  data: no]
JavaScript error: , line 0: SyntaxError: JSON.parse: unexpected character at line 1 column 1 of the JSON data
1506702922245	geckodriver	INFO	geckodriver 0.18.0
1506702922271	geckodriver	INFO	Listening on 127.0.0.1:47889
1506702923574	geckodriver::marionette	INFO	Starting browser /usr/bin/firefox with args ["-marionette"]
1506702924740	Marionette	INFO	Enabled via --marionette
JavaScript error: , line 0: TypeError: NetworkError when attempting to fetch resource.
1506702927157	Marionette	INFO	Listening on port 39695
1506702927223	addons.productaddons	WARN	Failed downloading XML, status: 0, reason: error
1506702927251	Marionette	WARN	TLS certificate errors will be ignored for this session
JavaScript error: chrome://marionette/content/server.js, line 337: NS_ERROR_SOCKET_ADDRESS_IN_USE: Component returned failure code: 0x804b0036 (NS_ERROR_SOCKET_ADDRESS_IN_USE) [nsIServerSocket.initSpecialConnection]
1506702927326	Marionette	DEBUG	loaded listener.js
1506702927407	Marionette	DEBUG	Received DOM event "beforeunload" for "about:blank"
1506702927636	Marionette	DEBUG	Received DOM event "beforeunload" for "about:blank"
1506702927641	Marionette	DEBUG	Received DOM event "pagehide" for "about:blank"
1506702927641	Marionette	DEBUG	Received DOM event "unload" for "about:blank"
1506702927673	Marionette	DEBUG	Received DOM event "DOMContentLoaded" for "about:neterror?e=connectionFailure&u=http%3A//facebook.com/&c=UTF-8&f=regular&d=Firefox%20can%E2%80%99t%20establish%20a%20connection%20to%20the%20server%20at%20facebook.com."
1506702936711	geckodriver	INFO	geckodriver 0.18.0
1506702936715	geckodriver	INFO	Listening on 127.0.0.1:60939
1506702936939	geckodriver::marionette	INFO	Starting browser /usr/bin/firefox with args ["-marionette"]
1506702938341	Marionette	INFO	Enabled via --marionette
JavaScript error: , line 0: TypeError: NetworkError when attempting to fetch resource.
1506702940732	Marionette	INFO	Listening on port 40883
1506702940764	addons.productaddons	WARN	Failed downloading XML, status: 0, reason: error
1506702940786	Marionette	WARN	TLS certificate errors will be ignored for this session
JavaScript error: chrome://marionette/content/server.js, line 337: NS_ERROR_SOCKET_ADDRESS_IN_USE: Component returned failure code: 0x804b0036 (NS_ERROR_SOCKET_ADDRESS_IN_USE) [nsIServerSocket.initSpecialConnection]
1506702940868	Marionette	DEBUG	loaded listener.js
1506702940960	Marionette	DEBUG	Received DOM event "beforeunload" for "about:blank"
1506702941025	Marionette	DEBUG	Received DOM event "beforeunload" for "about:blank"
1506702941030	Marionette	DEBUG	Received DOM event "pagehide" for "about:blank"
1506702941030	Marionette	DEBUG	Received DOM event "unload" for "about:blank"
1506702941091	Marionette	DEBUG	Received DOM event "DOMContentLoaded" for "about:neterror?e=connectionFailure&u=http%3A//facebook.com/&c=UTF-8&f=regular&d=Firefox%20can%E2%80%99t%20establish%20a%20connection%20to%20the%20server%20at%20facebook.com."
1506702946219	geckodriver	INFO	geckodriver 0.18.0
1506702946227	geckodriver	INFO	Listening on 127.0.0.1:58003
1506702947477	geckodriver::marionette	INFO	Starting browser /usr/bin/firefox with args ["-marionette"]
1506702948492	Marionette	INFO	Enabled via --marionette
1506702950800	Marionette	INFO	Listening on port 39455
JavaScript error: chrome://marionette/content/server.js, line 337: NS_ERROR_SOCKET_ADDRESS_IN_USE: Component returned failure code: 0x804b0036 (NS_ERROR_SOCKET_ADDRESS_IN_USE) [nsIServerSocket.initSpecialConnection]
1506702950908	Marionette	WARN	TLS certificate errors will be ignored for this session
1506702950973	Marionette	DEBUG	loaded listener.js
1506702951019	Marionette	DEBUG	Received DOM event "beforeunload" for "about:blank"
1506702959893	Marionette	DEBUG	Received DOM event "pagehide" for "about:blank"
1506702959893	Marionette	DEBUG	Received DOM event "unload" for "about:blank"
JavaScript error: resource://gre/modules/XPCOMUtils.jsm, line 230: TypeError: Cc[aContract] is undefined
1506704113710	geckodriver	INFO	geckodriver 0.18.0
1506704113716	geckodriver	INFO	Listening on 127.0.0.1:41103
1506704114954	geckodriver::marionette	INFO	Starting browser /usr/bin/firefox with args ["-marionette"]
1506704116271	Marionette	INFO	Enabled via --marionette
1506704118570	Marionette	INFO	Listening on port 42825
1506704118840	Marionette	WARN	TLS certificate errors will be ignored for this session
JavaScript error: chrome://marionette/content/server.js, line 337: NS_ERROR_SOCKET_ADDRESS_IN_USE: Component returned failure code: 0x804b0036 (NS_ERROR_SOCKET_ADDRESS_IN_USE) [nsIServerSocket.initSpecialConnection]
1506704118927	Marionette	DEBUG	loaded listener.js
1506704119015	Marionette	DEBUG	Received DOM event "beforeunload" for "about:blank"
1506704120828	Marionette	DEBUG	Received DOM event "pagehide" for "about:blank"
1506704120829	Marionette	DEBUG	Received DOM event "unload" for "about:blank"
1506704122331	Marionette	DEBUG	Received DOM event "DOMContentLoaded" for "https://www.facebook.com/"
1506704124219	Marionette	DEBUG	Received DOM event "DOMContentLoaded" for "https://staticxx.facebook.com/common/referer_frame.php"
1506704124236	Marionette	DEBUG	Received DOM event "pageshow" for "https://staticxx.facebook.com/common/referer_frame.php"
1506704124276	Marionette	DEBUG	Received DOM event "pageshow" for "https://www.facebook.com/"
1506711541387	geckodriver	INFO	geckodriver 0.18.0
1506711541423	geckodriver	INFO	Listening on 127.0.0.1:48297
1506711542717	geckodriver::marionette	INFO	Starting browser /usr/bin/firefox with args ["-marionette"]
1506711544287	Marionette	INFO	Enabled via --marionette
1506711547069	Marionette	INFO	Listening on port 36347
JavaScript error: chrome://marionette/content/server.js, line 337: NS_ERROR_SOCKET_ADDRESS_IN_USE: Component returned failure code: 0x804b0036 (NS_ERROR_SOCKET_ADDRESS_IN_USE) [nsIServerSocket.initSpecialConnection]
1506711547193	Marionette	WARN	TLS certificate errors will be ignored for this session
1506711547248	Marionette	DEBUG	loaded listener.js
1506711547316	Marionette	DEBUG	Received DOM event "beforeunload" for "about:blank"
1506711548160	Marionette	DEBUG	Received DOM event "pagehide" for "about:blank"
1506711548160	Marionette	DEBUG	Received DOM event "unload" for "about:blank"
1506711549468	Marionette	DEBUG	Received DOM event "DOMContentLoaded" for "https://www.facebook.com/"
1506711551282	Marionette	DEBUG	Received DOM event "DOMContentLoaded" for "https://staticxx.facebook.com/common/referer_frame.php"
1506711551293	Marionette	DEBUG	Received DOM event "pageshow" for "https://staticxx.facebook.com/common/referer_frame.php"
1506711551328	Marionette	DEBUG	Received DOM event "pageshow" for "https://www.facebook.com/"
1506711596540	geckodriver	INFO	geckodriver 0.18.0
1506711596546	geckodriver	INFO	Listening on 127.0.0.1:35127
1506711598390	geckodriver::marionette	INFO	Starting browser /usr/bin/firefox with args ["-marionette"]
1506711599620	Marionette	INFO	Enabled via --marionette
1506711602027	Marionette	INFO	Listening on port 41565
JavaScript error: chrome://marionette/content/server.js, line 337: NS_ERROR_SOCKET_ADDRESS_IN_USE: Component returned failure code: 0x804b0036 (NS_ERROR_SOCKET_ADDRESS_IN_USE) [nsIServerSocket.initSpecialConnection]
1506711602250	Marionette	WARN	TLS certificate errors will be ignored for this session
1506711602339	Marionette	DEBUG	loaded listener.js
1506711602396	Marionette	DEBUG	Received DOM event "beforeunload" for "about:blank"
1506711603416	Marionette	DEBUG	Received DOM event "pagehide" for "about:blank"
1506711603418	Marionette	DEBUG	Received DOM event "unload" for "about:blank"
1506711604279	Marionette	DEBUG	Received DOM event "DOMContentLoaded" for "https://www.facebook.com/"
1506711605671	Marionette	DEBUG	Received DOM event "DOMContentLoaded" for "https://staticxx.facebook.com/common/referer_frame.php"
1506711605678	Marionette	DEBUG	Received DOM event "pageshow" for "https://staticxx.facebook.com/common/referer_frame.php"
1506711605722	Marionette	DEBUG	Received DOM event "pageshow" for "https://www.facebook.com/"
JavaScript error: resource://gre/modules/XPCOMUtils.jsm, line 230: TypeError: Cc[aContract] is undefined
JavaScript error: resource://gre/modules/commonjs/toolkit/loader.js -> resource://devtools/server/actors/highlighters/auto-refresh.js, line 202: TypeError: this.win is null
JavaScript error: resource://gre/modules/commonjs/toolkit/loader.js -> resource://devtools/server/actors/highlighters/auto-refresh.js, line 202: TypeError: this.win is null
Handler function NetworkEventActorProxy.addSecurityInfo threw an exception: [Exception... "Component returned failure code: 0xc1f30001 (NS_ERROR_NOT_INITIALIZED) [nsIMessageSender.sendAsyncMessage]"  nsresult: "0xc1f30001 (NS_ERROR_NOT_INITIALIZED)"  location: "JS frame :: resource://gre/modules/commonjs/toolkit/loader.js -> resource://devtools/shared/webconsole/network-monitor.js :: NetworkEventActorProxy.methodFactory/< :: line 1656"  data: no]
Stack: NetworkEventActorProxy.methodFactory/<@resource://gre/modules/commonjs/toolkit/loader.js -> resource://devtools/shared/webconsole/network-monitor.js:1656:5
exports.makeInfallible/<@resource://gre/modules/commonjs/toolkit/loader.js -> resource://devtools/shared/ThreadSafeDevToolsUtils.js:101:14
NetworkResponseListener.prototype._getSecurityInfo<@resource://gre/modules/commonjs/toolkit/loader.js -> resource://devtools/shared/webconsole/network-monitor.js:495:5
exports.makeInfallible/<@resource://gre/modules/commonjs/toolkit/loader.js -> resource://devtools/shared/ThreadSafeDevToolsUtils.js:101:14
onStartRequest@resource://gre/modules/commonjs/toolkit/loader.js -> resource://devtools/shared/webconsole/network-monitor.js:436:5
Line: 1656, column: 0
console.error: 
  Handler function NetworkEventActorProxy.addSecurityInfo threw an exception: [Exception... "Component returned failure code: 0xc1f30001 (NS_ERROR_NOT_INITIALIZED) [nsIMessageSender.sendAsyncMessage]"  nsresult: "0xc1f30001 (NS_ERROR_NOT_INITIALIZED)"  location: "JS frame :: resource://gre/modules/commonjs/toolkit/loader.js -> resource://devtools/shared/webconsole/network-monitor.js :: NetworkEventActorProxy.methodFactory/< :: line 1656"  data: no]
Stack: NetworkEventActorProxy.methodFactory/<@resource://gre/modules/commonjs/toolkit/loader.js -> resource://devtools/shared/webconsole/network-monitor.js:1656:5
exports.makeInfallible/<@resource://gre/modules/commonjs/toolkit/loader.js -> resource://devtools/shared/ThreadSafeDevToolsUtils.js:101:14
NetworkResponseListener.prototype._getSecurityInfo<@resource://gre/modules/commonjs/toolkit/loader.js -> resource://devtools/shared/webconsole/network-monitor.js:495:5
exports.makeInfallible/<@resource://gre/modules/commonjs/toolkit/loader.js -> resource://devtools/shared/ThreadSafeDevToolsUtils.js:101:14
onStartRequest@resource://gre/modules/commonjs/toolkit/loader.js -> resource://devtools/shared/webconsole/network-monitor.js:436:5
Line: 1656, column: 0
Handler function NetworkEventActorProxy.addResponseContent threw an exception: [Exception... "Component returned failure code: 0xc1f30001 (NS_ERROR_NOT_INITIALIZED) [nsIMessageSender.sendAsyncMessage]"  nsresult: "0xc1f30001 (NS_ERROR_NOT_INITIALIZED)"  location: "JS frame :: resource://gre/modules/commonjs/toolkit/loader.js -> resource://devtools/shared/webconsole/network-monitor.js :: NetworkEventActorProxy.methodFactory/< :: line 1656"  data: no]
Stack: NetworkEventActorProxy.methodFactory/<@resource://gre/modules/commonjs/toolkit/loader.js -> resource://devtools/shared/webconsole/network-monitor.js:1656:5
exports.makeInfallible/<@resource://gre/modules/commonjs/toolkit/loader.js -> resource://devtools/shared/ThreadSafeDevToolsUtils.js:101:14
_onComplete@resource://gre/modules/commonjs/toolkit/loader.js -> resource://devtools/shared/webconsole/network-monitor.js:620:5
onStreamClose@resource://gre/modules/commonjs/toolkit/loader.js -> resource://devtools/shared/webconsole/network-monitor.js:577:7
onInputStreamReady@resource://gre/modules/commonjs/toolkit/loader.js -> resource://devtools/shared/webconsole/network-monitor.js:668:7
Line: 1656, column: 0
console.error: 
  Handler function NetworkEventActorProxy.addResponseContent threw an exception: [Exception... "Component returned failure code: 0xc1f30001 (NS_ERROR_NOT_INITIALIZED) [nsIMessageSender.sendAsyncMessage]"  nsresult: "0xc1f30001 (NS_ERROR_NOT_INITIALIZED)"  location: "JS frame :: resource://gre/modules/commonjs/toolkit/loader.js -> resource://devtools/shared/webconsole/network-monitor.js :: NetworkEventActorProxy.methodFactory/< :: line 1656"  data: no]
Stack: NetworkEventActorProxy.methodFactory/<@resource://gre/modules/commonjs/toolkit/loader.js -> resource://devtools/shared/webconsole/network-monitor.js:1656:5
exports.makeInfallible/<@resource://gre/modules/commonjs/toolkit/loader.js -> resource://devtools/shared/ThreadSafeDevToolsUtils.js:101:14
_onComplete@resource://gre/modules/commonjs/toolkit/loader.js -> resource://devtools/shared/webconsole/network-monitor.js:620:5
onStreamClose@resource://gre/modules/commonjs/toolkit/loader.js -> resource://devtools/shared/webconsole/network-monitor.js:577:7
onInputStreamReady@resource://gre/modules/commonjs/toolkit/loader.js -> resource://devtools/shared/webconsole/network-monitor.js:668:7
Line: 1656, column: 0

###!!! [Child][RunMessage] Error: Channel closing: too late to send/recv, messages will be lost

1506712009813	geckodriver	INFO	geckodriver 0.18.0
1506712009818	geckodriver	INFO	Listening on 127.0.0.1:51635
1506712010124	geckodriver::marionette	INFO	Starting browser /usr/bin/firefox with args ["-marionette"]
1506712011282	Marionette	INFO	Enabled via --marionette
1506712013393	Marionette	INFO	Listening on port 43471
1506712013627	Marionette	WARN	TLS certificate errors will be ignored for this session
JavaScript error: chrome://marionette/content/server.js, line 337: NS_ERROR_SOCKET_ADDRESS_IN_USE: Component returned failure code: 0x804b0036 (NS_ERROR_SOCKET_ADDRESS_IN_USE) [nsIServerSocket.initSpecialConnection]
1506712013703	Marionette	DEBUG	loaded listener.js
1506712013759	Marionette	DEBUG	Received DOM event "beforeunload" for "about:blank"
1506712014896	Marionette	DEBUG	Received DOM event "pagehide" for "about:blank"
1506712014897	Marionette	DEBUG	Received DOM event "unload" for "about:blank"
1506712015752	Marionette	DEBUG	Received DOM event "DOMContentLoaded" for "https://www.facebook.com/"
1506712017130	Marionette	DEBUG	Received DOM event "DOMContentLoaded" for "https://staticxx.facebook.com/common/referer_frame.php"
1506712017142	Marionette	DEBUG	Received DOM event "pageshow" for "https://staticxx.facebook.com/common/referer_frame.php"
1506712017226	Marionette	DEBUG	Received DOM event "pageshow" for "https://www.facebook.com/"
JavaScript error: resource://gre/modules/XPCOMUtils.jsm, line 230: TypeError: Cc[aContract] is undefined
1506712072127	geckodriver	INFO	geckodriver 0.18.0
1506712072133	geckodriver	INFO	Listening on 127.0.0.1:54459
1506712073379	geckodriver::marionette	INFO	Starting browser /usr/bin/firefox with args ["-marionette"]
1506712074406	Marionette	INFO	Enabled via --marionette
1506712076632	Marionette	INFO	Listening on port 40733
JavaScript error: chrome://marionette/content/server.js, line 337: NS_ERROR_SOCKET_ADDRESS_IN_USE: Component returned failure code: 0x804b0036 (NS_ERROR_SOCKET_ADDRESS_IN_USE) [nsIServerSocket.initSpecialConnection]
1506712076824	Marionette	WARN	TLS certificate errors will be ignored for this session
1506712076907	Marionette	DEBUG	loaded listener.js
1506712076962	Marionette	DEBUG	Received DOM event "beforeunload" for "about:blank"
1506712078271	Marionette	DEBUG	Received DOM event "pagehide" for "about:blank"
1506712078272	Marionette	DEBUG	Received DOM event "unload" for "about:blank"
1506712079164	Marionette	DEBUG	Received DOM event "DOMContentLoaded" for "https://www.facebook.com/"
1506712080476	Marionette	DEBUG	Received DOM event "DOMContentLoaded" for "https://staticxx.facebook.com/common/referer_frame.php"
1506712080488	Marionette	DEBUG	Received DOM event "pageshow" for "https://staticxx.facebook.com/common/referer_frame.php"
1506712080537	Marionette	DEBUG	Received DOM event "pageshow" for "https://www.facebook.com/"
1506712098592	Marionette	DEBUG	Canceled page load listener because no navigation has been detected
[Parent 6319] WARNING: pipe error (74): Connection reset by peer: file /builddir/build/BUILD/firefox-55.0.2/ipc/chromium/src/chrome/common/ipc_channel_posix.cc, line 353
